<?xml version="1.0" encoding="UTF-8"?>
<coverage generated="1604417636532" clover="3.2.0">
  <project timestamp="1604417636532" name="All files">
    <metrics statements="190" coveredstatements="148" conditionals="104" coveredconditionals="71" methods="40" coveredmethods="30" elements="334" coveredelements="249" complexity="0" loc="190" ncloc="190" packages="2" files="11" classes="11"/>
    <package name="components">
      <metrics statements="106" coveredstatements="74" conditionals="86" coveredconditionals="57" methods="27" coveredmethods="21"/>
      <file name="AddTodoModal.tsx" path="/home/kunjui/Desktop/Todo/src/components/AddTodoModal.tsx">
        <metrics statements="20" coveredstatements="18" conditionals="23" coveredconditionals="20" methods="3" coveredmethods="2"/>
        <line num="22" count="1" type="stmt"/>
        <line num="28" count="3" type="stmt"/>
        <line num="29" count="3" type="stmt"/>
        <line num="30" count="3" type="stmt"/>
        <line num="31" count="3" type="stmt"/>
        <line num="32" count="3" type="stmt"/>
        <line num="34" count="3" type="stmt"/>
        <line num="59" count="3" type="stmt"/>
        <line num="60" count="3" type="stmt"/>
        <line num="63" count="3" type="cond" truecount="1" falsecount="1"/>
        <line num="73" count="3" type="stmt"/>
        <line num="89" count="0" type="stmt"/>
        <line num="91" count="3" type="cond" truecount="1" falsecount="1"/>
        <line num="100" count="3" type="stmt"/>
        <line num="102" count="3" type="stmt"/>
        <line num="103" count="3" type="stmt"/>
        <line num="104" count="3" type="cond" truecount="3" falsecount="1"/>
        <line num="105" count="3" type="stmt"/>
        <line num="107" count="3" type="stmt"/>
        <line num="116" count="0" type="stmt"/>
      </file>
      <file name="EditTodoForm.tsx" path="/home/kunjui/Desktop/Todo/src/components/EditTodoForm.tsx">
        <metrics statements="12" coveredstatements="11" conditionals="10" coveredconditionals="9" methods="3" coveredmethods="2"/>
        <line num="23" count="1" type="stmt"/>
        <line num="32" count="1" type="stmt"/>
        <line num="33" count="1" type="stmt"/>
        <line num="34" count="1" type="stmt"/>
        <line num="35" count="1" type="stmt"/>
        <line num="36" count="1" type="stmt"/>
        <line num="38" count="1" type="stmt"/>
        <line num="78" count="1" type="cond" truecount="1" falsecount="1"/>
        <line num="88" count="1" type="stmt"/>
        <line num="95" count="1" type="stmt"/>
        <line num="96" count="1" type="stmt"/>
        <line num="105" count="0" type="stmt"/>
      </file>
      <file name="SearchBar.tsx" path="/home/kunjui/Desktop/Todo/src/components/SearchBar.tsx">
        <metrics statements="3" coveredstatements="3" conditionals="0" coveredconditionals="0" methods="1" coveredmethods="1"/>
        <line num="9" count="1" type="stmt"/>
        <line num="12" count="29" type="stmt"/>
        <line num="13" count="29" type="stmt"/>
      </file>
      <file name="ShowAddTodoFormButton.tsx" path="/home/kunjui/Desktop/Todo/src/components/ShowAddTodoFormButton.tsx">
        <metrics statements="3" coveredstatements="3" conditionals="0" coveredconditionals="0" methods="2" coveredmethods="2"/>
        <line num="7" count="1" type="stmt"/>
        <line num="10" count="29" type="stmt"/>
        <line num="14" count="3" type="stmt"/>
      </file>
      <file name="ShowTopBarButton.tsx" path="/home/kunjui/Desktop/Todo/src/components/ShowTopBarButton.tsx">
        <metrics statements="3" coveredstatements="3" conditionals="0" coveredconditionals="0" methods="2" coveredmethods="2"/>
        <line num="7" count="1" type="stmt"/>
        <line num="10" count="29" type="stmt"/>
        <line num="11" count="2" type="stmt"/>
      </file>
      <file name="Sort.tsx" path="/home/kunjui/Desktop/Todo/src/components/Sort.tsx">
        <metrics statements="3" coveredstatements="3" conditionals="0" coveredconditionals="0" methods="1" coveredmethods="1"/>
        <line num="10" count="1" type="stmt"/>
        <line num="14" count="29" type="stmt"/>
        <line num="15" count="29" type="stmt"/>
      </file>
      <file name="Todo.tsx" path="/home/kunjui/Desktop/Todo/src/components/Todo.tsx">
        <metrics statements="9" coveredstatements="8" conditionals="8" coveredconditionals="7" methods="5" coveredmethods="4"/>
        <line num="28" count="1" type="stmt"/>
        <line num="41" count="18" type="stmt"/>
        <line num="43" count="18" type="stmt"/>
        <line num="45" count="18" type="stmt"/>
        <line num="47" count="18" type="stmt"/>
        <line num="53" count="1" type="stmt"/>
        <line num="81" count="0" type="stmt"/>
        <line num="87" count="1" type="stmt"/>
        <line num="91" count="1" type="stmt"/>
      </file>
      <file name="TodosTable.tsx" path="/home/kunjui/Desktop/Todo/src/components/TodosTable.tsx">
        <metrics statements="47" coveredstatements="20" conditionals="41" coveredconditionals="17" methods="7" coveredmethods="5"/>
        <line num="34" count="1" type="stmt"/>
        <line num="43" count="29" type="stmt"/>
        <line num="45" count="29" type="cond" truecount="1" falsecount="1"/>
        <line num="46" count="29" type="stmt"/>
        <line num="47" count="0" type="cond" truecount="0" falsecount="2"/>
        <line num="49" count="0" type="stmt"/>
        <line num="50" count="0" type="stmt"/>
        <line num="51" count="0" type="stmt"/>
        <line num="52" count="0" type="cond" truecount="0" falsecount="5"/>
        <line num="53" count="0" type="stmt"/>
        <line num="54" count="0" type="cond" truecount="0" falsecount="2"/>
        <line num="55" count="0" type="stmt"/>
        <line num="57" count="0" type="stmt"/>
        <line num="60" count="0" type="cond" truecount="0" falsecount="2"/>
        <line num="61" count="0" type="stmt"/>
        <line num="62" count="0" type="stmt"/>
        <line num="63" count="0" type="stmt"/>
        <line num="64" count="0" type="cond" truecount="0" falsecount="2"/>
        <line num="65" count="0" type="stmt"/>
        <line num="67" count="0" type="cond" truecount="0" falsecount="2"/>
        <line num="68" count="0" type="stmt"/>
        <line num="70" count="0" type="stmt"/>
        <line num="74" count="29" type="stmt"/>
        <line num="76" count="29" type="stmt"/>
        <line num="87" count="43" type="cond" truecount="2" falsecount="0"/>
        <line num="95" count="16" type="stmt"/>
        <line num="97" count="27" type="stmt"/>
        <line num="98" count="27" type="stmt"/>
        <line num="100" count="0" type="stmt"/>
        <line num="110" count="16" type="cond" truecount="1" falsecount="1"/>
        <line num="111" count="0" type="cond" truecount="0" falsecount="2"/>
        <line num="112" count="0" type="stmt"/>
        <line num="114" count="0" type="stmt"/>
        <line num="115" count="0" type="stmt"/>
        <line num="117" count="16" type="cond" truecount="1" falsecount="1"/>
        <line num="118" count="0" type="cond" truecount="0" falsecount="2"/>
        <line num="119" count="0" type="stmt"/>
        <line num="121" count="0" type="stmt"/>
        <line num="122" count="0" type="stmt"/>
        <line num="125" count="16" type="stmt"/>
        <line num="129" count="16" type="stmt"/>
        <line num="138" count="16" type="stmt"/>
        <line num="139" count="16" type="stmt"/>
        <line num="140" count="16" type="stmt"/>
        <line num="141" count="16" type="cond" truecount="2" falsecount="0"/>
        <line num="148" count="8" type="stmt"/>
        <line num="150" count="16" type="stmt"/>
      </file>
      <file name="TopBar.tsx" path="/home/kunjui/Desktop/Todo/src/components/TopBar.tsx">
        <metrics statements="4" coveredstatements="3" conditionals="4" coveredconditionals="4" methods="3" coveredmethods="2"/>
        <line num="14" count="1" type="stmt"/>
        <line num="22" count="29" type="stmt"/>
        <line num="29" count="1" type="stmt"/>
        <line num="36" count="0" type="stmt"/>
      </file>
      <file name="languages.tsx" path="/home/kunjui/Desktop/Todo/src/components/languages.tsx">
        <metrics statements="2" coveredstatements="2" conditionals="0" coveredconditionals="0" methods="0" coveredmethods="0"/>
        <line num="3" count="1" type="stmt"/>
        <line num="36" count="1" type="stmt"/>
      </file>
    </package>
    <package name="containers">
      <metrics statements="84" coveredstatements="74" conditionals="18" coveredconditionals="14" methods="13" coveredmethods="9"/>
      <file name="App.tsx" path="/home/kunjui/Desktop/Todo/src/containers/App.tsx">
        <metrics statements="84" coveredstatements="74" conditionals="18" coveredconditionals="14" methods="13" coveredmethods="9"/>
        <line num="31" count="1" type="stmt"/>
        <line num="32" count="29" type="stmt"/>
        <line num="34" count="29" type="stmt"/>
        <line num="38" count="29" type="stmt"/>
        <line num="40" count="29" type="stmt"/>
        <line num="41" count="0" type="stmt"/>
        <line num="44" count="29" type="stmt"/>
        <line num="45" count="0" type="stmt"/>
        <line num="48" count="29" type="stmt"/>
        <line num="49" count="14" type="stmt"/>
        <line num="52" count="29" type="stmt"/>
        <line num="54" count="29" type="stmt"/>
        <line num="60" count="29" type="stmt"/>
        <line num="62" count="29" type="cond" truecount="2" falsecount="0"/>
        <line num="64" count="29" type="stmt"/>
        <line num="65" count="3" type="stmt"/>
        <line num="66" count="3" type="stmt"/>
        <line num="69" count="29" type="stmt"/>
        <line num="70" count="3" type="stmt"/>
        <line num="71" count="3" type="stmt"/>
        <line num="72" count="3" type="stmt"/>
        <line num="73" count="3" type="stmt"/>
        <line num="74" count="3" type="stmt"/>
        <line num="75" count="3" type="stmt"/>
        <line num="76" count="3" type="stmt"/>
        <line num="77" count="3" type="stmt"/>
        <line num="78" count="3" type="stmt"/>
        <line num="79" count="3" type="stmt"/>
        <line num="80" count="3" type="stmt"/>
        <line num="81" count="3" type="stmt"/>
        <line num="82" count="3" type="stmt"/>
        <line num="83" count="3" type="stmt"/>
        <line num="84" count="3" type="stmt"/>
        <line num="85" count="3" type="stmt"/>
        <line num="88" count="29" type="stmt"/>
        <line num="89" count="0" type="stmt"/>
        <line num="90" count="0" type="stmt"/>
        <line num="91" count="0" type="stmt"/>
        <line num="92" count="0" type="stmt"/>
        <line num="93" count="0" type="cond" truecount="0" falsecount="2"/>
        <line num="94" count="0" type="stmt"/>
        <line num="97" count="0" type="stmt"/>
        <line num="98" count="0" type="stmt"/>
        <line num="101" count="29" type="stmt"/>
        <line num="102" count="1" type="stmt"/>
        <line num="103" count="1" type="stmt"/>
        <line num="104" count="1" type="stmt"/>
        <line num="105" count="1" type="stmt"/>
        <line num="106" count="1" type="cond" truecount="1" falsecount="1"/>
        <line num="107" count="1" type="stmt"/>
        <line num="110" count="1" type="stmt"/>
        <line num="111" count="1" type="stmt"/>
        <line num="112" count="1" type="stmt"/>
        <line num="113" count="1" type="stmt"/>
        <line num="114" count="1" type="stmt"/>
        <line num="117" count="29" type="stmt"/>
        <line num="119" count="29" type="stmt"/>
        <line num="121" count="29" type="stmt"/>
        <line num="122" count="2" type="stmt"/>
        <line num="125" count="29" type="stmt"/>
        <line num="126" count="3" type="stmt"/>
        <line num="129" count="29" type="stmt"/>
        <line num="130" count="1" type="stmt"/>
        <line num="131" count="1" type="stmt"/>
        <line num="138" count="1" type="stmt"/>
        <line num="139" count="1" type="stmt"/>
        <line num="140" count="1" type="stmt"/>
        <line num="141" count="1" type="cond" truecount="1" falsecount="1"/>
        <line num="142" count="1" type="stmt"/>
        <line num="143" count="1" type="stmt"/>
        <line num="144" count="1" type="stmt"/>
        <line num="145" count="1" type="stmt"/>
        <line num="148" count="1" type="stmt"/>
        <line num="149" count="1" type="stmt"/>
        <line num="150" count="1" type="stmt"/>
        <line num="151" count="1" type="stmt"/>
        <line num="152" count="1" type="stmt"/>
        <line num="153" count="1" type="stmt"/>
        <line num="156" count="29" type="stmt"/>
        <line num="158" count="29" type="stmt"/>
        <line num="162" count="29" type="stmt"/>
        <line num="163" count="1" type="stmt"/>
        <line num="164" count="1" type="stmt"/>
        <line num="167" count="29" type="stmt"/>
      </file>
    </package>
  </project>
</coverage>
