{"/home/kunjui/Desktop/Todo/src/components/AddTodoModal.tsx": {"path":"/home/kunjui/Desktop/Todo/src/components/AddTodoModal.tsx","statementMap":{"0":{"start":{"line":22,"column":65},"end":{"line":123,"column":1}},"1":{"start":{"line":28,"column":23},"end":{"line":28,"column":53}},"2":{"start":{"line":29,"column":29},"end":{"line":29,"column":62}},"3":{"start":{"line":30,"column":20},"end":{"line":30,"column":50}},"4":{"start":{"line":31,"column":19},"end":{"line":31,"column":49}},"5":{"start":{"line":32,"column":18},"end":{"line":32,"column":45}},"6":{"start":{"line":34,"column":1},"end":{"line":122,"column":3}},"7":{"start":{"line":59,"column":5},"end":{"line":59,"column":23}},"8":{"start":{"line":60,"column":5},"end":{"line":60,"column":40}},"9":{"start":{"line":63,"column":5},"end":{"line":90,"column":6}},"10":{"start":{"line":73,"column":6},"end":{"line":87,"column":8}},"11":{"start":{"line":89,"column":6},"end":{"line":89,"column":68}},"12":{"start":{"line":91,"column":5},"end":{"line":108,"column":6}},"13":{"start":{"line":100,"column":6},"end":{"line":100,"column":41}},"14":{"start":{"line":102,"column":6},"end":{"line":102,"column":39}},"15":{"start":{"line":103,"column":6},"end":{"line":103,"column":58}},"16":{"start":{"line":103,"column":19},"end":{"line":103,"column":58}},"17":{"start":{"line":104,"column":6},"end":{"line":106,"column":7}},"18":{"start":{"line":105,"column":7},"end":{"line":105,"column":37}},"19":{"start":{"line":107,"column":6},"end":{"line":107,"column":40}},"20":{"start":{"line":116,"column":5},"end":{"line":116,"column":23}}},"fnMap":{"0":{"name":"(anonymous_0)","decl":{"start":{"line":22,"column":65},"end":{"line":22,"column":66}},"loc":{"start":{"line":27,"column":6},"end":{"line":123,"column":1}},"line":27},"1":{"name":"(anonymous_1)","decl":{"start":{"line":58,"column":13},"end":{"line":58,"column":14}},"loc":{"start":{"line":58,"column":19},"end":{"line":109,"column":5}},"line":58},"2":{"name":"(anonymous_2)","decl":{"start":{"line":115,"column":13},"end":{"line":115,"column":14}},"loc":{"start":{"line":115,"column":19},"end":{"line":117,"column":5}},"line":115}},"branchMap":{"0":{"loc":{"start":{"line":63,"column":5},"end":{"line":90,"column":6}},"type":"if","locations":[{"start":{"line":63,"column":5},"end":{"line":90,"column":6}},{"start":{"line":63,"column":5},"end":{"line":90,"column":6}}],"line":63},"1":{"loc":{"start":{"line":64,"column":6},"end":{"line":71,"column":23}},"type":"binary-expr","locations":[{"start":{"line":64,"column":6},"end":{"line":64,"column":19}},{"start":{"line":65,"column":6},"end":{"line":65,"column":25}},{"start":{"line":66,"column":6},"end":{"line":66,"column":15}},{"start":{"line":67,"column":6},"end":{"line":67,"column":16}},{"start":{"line":68,"column":6},"end":{"line":68,"column":24}},{"start":{"line":69,"column":6},"end":{"line":69,"column":27}},{"start":{"line":70,"column":6},"end":{"line":70,"column":33}},{"start":{"line":71,"column":6},"end":{"line":71,"column":23}}],"line":64},"2":{"loc":{"start":{"line":91,"column":5},"end":{"line":108,"column":6}},"type":"if","locations":[{"start":{"line":91,"column":5},"end":{"line":108,"column":6}},{"start":{"line":91,"column":5},"end":{"line":108,"column":6}}],"line":91},"3":{"loc":{"start":{"line":92,"column":6},"end":{"line":98,"column":23}},"type":"binary-expr","locations":[{"start":{"line":92,"column":6},"end":{"line":92,"column":41}},{"start":{"line":93,"column":6},"end":{"line":93,"column":19}},{"start":{"line":94,"column":6},"end":{"line":94,"column":25}},{"start":{"line":95,"column":6},"end":{"line":95,"column":15}},{"start":{"line":96,"column":6},"end":{"line":96,"column":27}},{"start":{"line":97,"column":6},"end":{"line":97,"column":33}},{"start":{"line":98,"column":6},"end":{"line":98,"column":23}}],"line":92},"4":{"loc":{"start":{"line":104,"column":6},"end":{"line":106,"column":7}},"type":"if","locations":[{"start":{"line":104,"column":6},"end":{"line":106,"column":7}},{"start":{"line":104,"column":6},"end":{"line":106,"column":7}}],"line":104},"5":{"loc":{"start":{"line":104,"column":10},"end":{"line":104,"column":42}},"type":"binary-expr","locations":[{"start":{"line":104,"column":10},"end":{"line":104,"column":20}},{"start":{"line":104,"column":24},"end":{"line":104,"column":42}}],"line":104}},"s":{"0":1,"1":3,"2":3,"3":3,"4":3,"5":3,"6":3,"7":3,"8":3,"9":3,"10":3,"11":0,"12":3,"13":3,"14":3,"15":3,"16":3,"17":3,"18":3,"19":3,"20":0},"f":{"0":3,"1":3,"2":0},"b":{"0":[3,0],"1":[3,3,3,3,3,3,3,3],"2":[3,0],"3":[3,3,3,3,3,3,3],"4":[3,0],"5":[3,3]},"_coverageSchema":"1a1c01bbd47fc00a2c39e90264f33305004495a9","hash":"b5b9df03fb4add12239cf2b3ba640d8755ff9cfe"}
,"/home/kunjui/Desktop/Todo/src/components/EditTodoForm.tsx": {"path":"/home/kunjui/Desktop/Todo/src/components/EditTodoForm.tsx","statementMap":{"0":{"start":{"line":23,"column":65},"end":{"line":112,"column":1}},"1":{"start":{"line":32,"column":24},"end":{"line":32,"column":54}},"2":{"start":{"line":33,"column":30},"end":{"line":33,"column":63}},"3":{"start":{"line":34,"column":21},"end":{"line":34,"column":51}},"4":{"start":{"line":35,"column":20},"end":{"line":35,"column":50}},"5":{"start":{"line":36,"column":18},"end":{"line":36,"column":45}},"6":{"start":{"line":38,"column":1},"end":{"line":111,"column":3}},"7":{"start":{"line":78,"column":5},"end":{"line":97,"column":6}},"8":{"start":{"line":88,"column":54},"end":{"line":94,"column":7}},"9":{"start":{"line":95,"column":6},"end":{"line":95,"column":40}},"10":{"start":{"line":96,"column":6},"end":{"line":96,"column":25}},"11":{"start":{"line":105,"column":5},"end":{"line":105,"column":24}}},"fnMap":{"0":{"name":"(anonymous_0)","decl":{"start":{"line":23,"column":65},"end":{"line":23,"column":66}},"loc":{"start":{"line":31,"column":6},"end":{"line":112,"column":1}},"line":31},"1":{"name":"(anonymous_1)","decl":{"start":{"line":77,"column":13},"end":{"line":77,"column":14}},"loc":{"start":{"line":77,"column":19},"end":{"line":98,"column":5}},"line":77},"2":{"name":"(anonymous_2)","decl":{"start":{"line":104,"column":13},"end":{"line":104,"column":14}},"loc":{"start":{"line":104,"column":19},"end":{"line":106,"column":5}},"line":104}},"branchMap":{"0":{"loc":{"start":{"line":78,"column":5},"end":{"line":97,"column":6}},"type":"if","locations":[{"start":{"line":78,"column":5},"end":{"line":97,"column":6}},{"start":{"line":78,"column":5},"end":{"line":97,"column":6}}],"line":78},"1":{"loc":{"start":{"line":79,"column":6},"end":{"line":86,"column":24}},"type":"binary-expr","locations":[{"start":{"line":79,"column":6},"end":{"line":79,"column":20}},{"start":{"line":80,"column":6},"end":{"line":80,"column":26}},{"start":{"line":81,"column":6},"end":{"line":81,"column":16}},{"start":{"line":82,"column":6},"end":{"line":82,"column":17}},{"start":{"line":83,"column":6},"end":{"line":83,"column":25}},{"start":{"line":84,"column":6},"end":{"line":84,"column":28}},{"start":{"line":85,"column":6},"end":{"line":85,"column":34}},{"start":{"line":86,"column":6},"end":{"line":86,"column":24}}],"line":79}},"s":{"0":1,"1":1,"2":1,"3":1,"4":1,"5":1,"6":1,"7":1,"8":1,"9":1,"10":1,"11":0},"f":{"0":1,"1":1,"2":0},"b":{"0":[1,0],"1":[1,1,1,1,1,1,1,1]},"_coverageSchema":"1a1c01bbd47fc00a2c39e90264f33305004495a9","hash":"1465294d980a91e6dd62042456e09afa11bb5512"}
,"/home/kunjui/Desktop/Todo/src/components/SearchBar.tsx": {"path":"/home/kunjui/Desktop/Todo/src/components/SearchBar.tsx","statementMap":{"0":{"start":{"line":9,"column":58},"end":{"line":23,"column":1}},"1":{"start":{"line":12,"column":18},"end":{"line":12,"column":45}},"2":{"start":{"line":13,"column":1},"end":{"line":22,"column":3}}},"fnMap":{"0":{"name":"(anonymous_0)","decl":{"start":{"line":9,"column":58},"end":{"line":9,"column":59}},"loc":{"start":{"line":11,"column":6},"end":{"line":23,"column":1}},"line":11}},"branchMap":{},"s":{"0":1,"1":29,"2":29},"f":{"0":29},"b":{},"_coverageSchema":"1a1c01bbd47fc00a2c39e90264f33305004495a9","hash":"56b7eebf2cae22bc07cbf81fb278c2a7baeb58bd"}
,"/home/kunjui/Desktop/Todo/src/components/ShowAddTodoFormButton.tsx": {"path":"/home/kunjui/Desktop/Todo/src/components/ShowAddTodoFormButton.tsx","statementMap":{"0":{"start":{"line":7,"column":83},"end":{"line":19,"column":1}},"1":{"start":{"line":10,"column":1},"end":{"line":18,"column":3}},"2":{"start":{"line":14,"column":18},"end":{"line":14,"column":35}}},"fnMap":{"0":{"name":"(anonymous_0)","decl":{"start":{"line":7,"column":83},"end":{"line":7,"column":84}},"loc":{"start":{"line":9,"column":6},"end":{"line":19,"column":1}},"line":9},"1":{"name":"(anonymous_1)","decl":{"start":{"line":14,"column":12},"end":{"line":14,"column":13}},"loc":{"start":{"line":14,"column":18},"end":{"line":14,"column":35}},"line":14}},"branchMap":{},"s":{"0":1,"1":29,"2":3},"f":{"0":29,"1":3},"b":{},"_coverageSchema":"1a1c01bbd47fc00a2c39e90264f33305004495a9","hash":"82a2403f2a56786135b8f4c8d64856d4ccd566d2"}
,"/home/kunjui/Desktop/Todo/src/components/ShowTopBarButton.tsx": {"path":"/home/kunjui/Desktop/Todo/src/components/ShowTopBarButton.tsx","statementMap":{"0":{"start":{"line":7,"column":73},"end":{"line":15,"column":1}},"1":{"start":{"line":10,"column":1},"end":{"line":14,"column":3}},"2":{"start":{"line":11,"column":63},"end":{"line":11,"column":75}}},"fnMap":{"0":{"name":"(anonymous_0)","decl":{"start":{"line":7,"column":73},"end":{"line":7,"column":74}},"loc":{"start":{"line":9,"column":6},"end":{"line":15,"column":1}},"line":9},"1":{"name":"(anonymous_1)","decl":{"start":{"line":11,"column":57},"end":{"line":11,"column":58}},"loc":{"start":{"line":11,"column":63},"end":{"line":11,"column":75}},"line":11}},"branchMap":{},"s":{"0":1,"1":29,"2":2},"f":{"0":29,"1":2},"b":{},"_coverageSchema":"1a1c01bbd47fc00a2c39e90264f33305004495a9","hash":"0172622362732110cdc545f3d1512fe5877ca076"}
,"/home/kunjui/Desktop/Todo/src/components/Sort.tsx": {"path":"/home/kunjui/Desktop/Todo/src/components/Sort.tsx","statementMap":{"0":{"start":{"line":10,"column":49},"end":{"line":30,"column":1}},"1":{"start":{"line":14,"column":18},"end":{"line":14,"column":45}},"2":{"start":{"line":15,"column":1},"end":{"line":29,"column":3}}},"fnMap":{"0":{"name":"(anonymous_0)","decl":{"start":{"line":10,"column":49},"end":{"line":10,"column":50}},"loc":{"start":{"line":13,"column":6},"end":{"line":30,"column":1}},"line":13}},"branchMap":{},"s":{"0":1,"1":29,"2":29},"f":{"0":29},"b":{},"_coverageSchema":"1a1c01bbd47fc00a2c39e90264f33305004495a9","hash":"8e6ae4fcc6259fcce4c38d11fd9f9baa9a6c7b05"}
,"/home/kunjui/Desktop/Todo/src/components/Todo.tsx": {"path":"/home/kunjui/Desktop/Todo/src/components/Todo.tsx","statementMap":{"0":{"start":{"line":28,"column":49},"end":{"line":109,"column":1}},"1":{"start":{"line":41,"column":18},"end":{"line":41,"column":45}},"2":{"start":{"line":43,"column":29},"end":{"line":43,"column":53}},"3":{"start":{"line":45,"column":33},"end":{"line":45,"column":57}},"4":{"start":{"line":47,"column":1},"end":{"line":108,"column":3}},"5":{"start":{"line":53,"column":5},"end":{"line":53,"column":24}},"6":{"start":{"line":81,"column":40},"end":{"line":81,"column":63}},"7":{"start":{"line":87,"column":19},"end":{"line":87,"column":41}},"8":{"start":{"line":91,"column":58},"end":{"line":91,"column":75}}},"fnMap":{"0":{"name":"(anonymous_0)","decl":{"start":{"line":28,"column":49},"end":{"line":28,"column":50}},"loc":{"start":{"line":40,"column":6},"end":{"line":109,"column":1}},"line":40},"1":{"name":"(anonymous_1)","decl":{"start":{"line":52,"column":13},"end":{"line":52,"column":14}},"loc":{"start":{"line":52,"column":19},"end":{"line":54,"column":5}},"line":52},"2":{"name":"(anonymous_2)","decl":{"start":{"line":81,"column":34},"end":{"line":81,"column":35}},"loc":{"start":{"line":81,"column":40},"end":{"line":81,"column":63}},"line":81},"3":{"name":"(anonymous_3)","decl":{"start":{"line":87,"column":13},"end":{"line":87,"column":14}},"loc":{"start":{"line":87,"column":19},"end":{"line":87,"column":41}},"line":87},"4":{"name":"(anonymous_4)","decl":{"start":{"line":91,"column":52},"end":{"line":91,"column":53}},"loc":{"start":{"line":91,"column":58},"end":{"line":91,"column":75}},"line":91}},"branchMap":{"0":{"loc":{"start":{"line":59,"column":4},"end":{"line":59,"column":39}},"type":"cond-expr","locations":[{"start":{"line":59,"column":14},"end":{"line":59,"column":32}},{"start":{"line":59,"column":35},"end":{"line":59,"column":39}}],"line":59},"1":{"loc":{"start":{"line":60,"column":4},"end":{"line":80,"column":11}},"type":"cond-expr","locations":[{"start":{"line":61,"column":4},"end":{"line":79,"column":7}},{"start":{"line":80,"column":7},"end":{"line":80,"column":11}}],"line":60},"2":{"loc":{"start":{"line":63,"column":6},"end":{"line":71,"column":13}},"type":"cond-expr","locations":[{"start":{"line":64,"column":6},"end":{"line":70,"column":11}},{"start":{"line":71,"column":9},"end":{"line":71,"column":13}}],"line":63},"3":{"loc":{"start":{"line":95,"column":4},"end":{"line":106,"column":11}},"type":"cond-expr","locations":[{"start":{"line":96,"column":4},"end":{"line":105,"column":6}},{"start":{"line":106,"column":7},"end":{"line":106,"column":11}}],"line":95}},"s":{"0":1,"1":18,"2":18,"3":18,"4":18,"5":1,"6":0,"7":1,"8":1},"f":{"0":18,"1":1,"2":0,"3":1,"4":1},"b":{"0":[10,8],"1":[3,15],"2":[3,0],"3":[1,17]},"_coverageSchema":"1a1c01bbd47fc00a2c39e90264f33305004495a9","hash":"95c882459527198519e5c46bd49981cd51fb7749"}
,"/home/kunjui/Desktop/Todo/src/components/TodosTable.tsx": {"path":"/home/kunjui/Desktop/Todo/src/components/TodosTable.tsx","statementMap":{"0":{"start":{"line":34,"column":61},"end":{"line":171,"column":1}},"1":{"start":{"line":43,"column":18},"end":{"line":43,"column":45}},"2":{"start":{"line":45,"column":1},"end":{"line":72,"column":2}},"3":{"start":{"line":46,"column":2},"end":{"line":46,"column":67}},"4":{"start":{"line":46,"column":28},"end":{"line":46,"column":65}},"5":{"start":{"line":47,"column":8},"end":{"line":72,"column":2}},"6":{"start":{"line":49,"column":2},"end":{"line":59,"column":5}},"7":{"start":{"line":50,"column":23},"end":{"line":50,"column":48}},"8":{"start":{"line":51,"column":23},"end":{"line":51,"column":48}},"9":{"start":{"line":52,"column":3},"end":{"line":58,"column":4}},"10":{"start":{"line":53,"column":4},"end":{"line":53,"column":14}},"11":{"start":{"line":54,"column":10},"end":{"line":58,"column":4}},"12":{"start":{"line":55,"column":4},"end":{"line":55,"column":13}},"13":{"start":{"line":57,"column":4},"end":{"line":57,"column":37}},"14":{"start":{"line":60,"column":8},"end":{"line":72,"column":2}},"15":{"start":{"line":61,"column":2},"end":{"line":71,"column":5}},"16":{"start":{"line":62,"column":20},"end":{"line":62,"column":43}},"17":{"start":{"line":63,"column":20},"end":{"line":63,"column":43}},"18":{"start":{"line":64,"column":3},"end":{"line":66,"column":4}},"19":{"start":{"line":65,"column":4},"end":{"line":65,"column":14}},"20":{"start":{"line":67,"column":3},"end":{"line":69,"column":4}},"21":{"start":{"line":68,"column":4},"end":{"line":68,"column":13}},"22":{"start":{"line":70,"column":3},"end":{"line":70,"column":12}},"23":{"start":{"line":74,"column":17},"end":{"line":74,"column":18}},"24":{"start":{"line":76,"column":1},"end":{"line":170,"column":3}},"25":{"start":{"line":87,"column":4},"end":{"line":99,"column":5}},"26":{"start":{"line":95,"column":5},"end":{"line":95,"column":17}},"27":{"start":{"line":97,"column":5},"end":{"line":97,"column":17}},"28":{"start":{"line":98,"column":5},"end":{"line":98,"column":18}},"29":{"start":{"line":100,"column":4},"end":{"line":107,"column":6}},"30":{"start":{"line":110,"column":5},"end":{"line":126,"column":6}},"31":{"start":{"line":111,"column":6},"end":{"line":116,"column":7}},"32":{"start":{"line":112,"column":7},"end":{"line":112,"column":19}},"33":{"start":{"line":114,"column":7},"end":{"line":114,"column":19}},"34":{"start":{"line":115,"column":7},"end":{"line":115,"column":20}},"35":{"start":{"line":117,"column":12},"end":{"line":126,"column":6}},"36":{"start":{"line":118,"column":6},"end":{"line":123,"column":7}},"37":{"start":{"line":119,"column":7},"end":{"line":119,"column":19}},"38":{"start":{"line":121,"column":7},"end":{"line":121,"column":19}},"39":{"start":{"line":122,"column":7},"end":{"line":122,"column":20}},"40":{"start":{"line":125,"column":6},"end":{"line":125,"column":29}},"41":{"start":{"line":129,"column":5},"end":{"line":129,"column":50}},"42":{"start":{"line":138,"column":9},"end":{"line":138,"column":21}},"43":{"start":{"line":139,"column":19},"end":{"line":139,"column":24}},"44":{"start":{"line":140,"column":19},"end":{"line":140,"column":29}},"45":{"start":{"line":141,"column":5},"end":{"line":149,"column":6}},"46":{"start":{"line":148,"column":6},"end":{"line":148,"column":21}},"47":{"start":{"line":150,"column":5},"end":{"line":164,"column":7}}},"fnMap":{"0":{"name":"(anonymous_0)","decl":{"start":{"line":34,"column":61},"end":{"line":34,"column":62}},"loc":{"start":{"line":42,"column":6},"end":{"line":171,"column":1}},"line":42},"1":{"name":"(anonymous_1)","decl":{"start":{"line":46,"column":18},"end":{"line":46,"column":19}},"loc":{"start":{"line":46,"column":28},"end":{"line":46,"column":65}},"line":46},"2":{"name":"(anonymous_2)","decl":{"start":{"line":49,"column":18},"end":{"line":49,"column":19}},"loc":{"start":{"line":49,"column":28},"end":{"line":59,"column":3}},"line":49},"3":{"name":"(anonymous_3)","decl":{"start":{"line":61,"column":18},"end":{"line":61,"column":19}},"loc":{"start":{"line":61,"column":28},"end":{"line":71,"column":3}},"line":61},"4":{"name":"(anonymous_4)","decl":{"start":{"line":86,"column":22},"end":{"line":86,"column":23}},"loc":{"start":{"line":86,"column":44},"end":{"line":108,"column":4}},"line":86},"5":{"name":"(anonymous_5)","decl":{"start":{"line":109,"column":12},"end":{"line":109,"column":13}},"loc":{"start":{"line":109,"column":33},"end":{"line":127,"column":5}},"line":109},"6":{"name":"(anonymous_6)","decl":{"start":{"line":128,"column":9},"end":{"line":128,"column":10}},"loc":{"start":{"line":128,"column":27},"end":{"line":165,"column":5}},"line":128}},"branchMap":{"0":{"loc":{"start":{"line":45,"column":1},"end":{"line":72,"column":2}},"type":"if","locations":[{"start":{"line":45,"column":1},"end":{"line":72,"column":2}},{"start":{"line":45,"column":1},"end":{"line":72,"column":2}}],"line":45},"1":{"loc":{"start":{"line":47,"column":8},"end":{"line":72,"column":2}},"type":"if","locations":[{"start":{"line":47,"column":8},"end":{"line":72,"column":2}},{"start":{"line":47,"column":8},"end":{"line":72,"column":2}}],"line":47},"2":{"loc":{"start":{"line":52,"column":3},"end":{"line":58,"column":4}},"type":"if","locations":[{"start":{"line":52,"column":3},"end":{"line":58,"column":4}},{"start":{"line":52,"column":3},"end":{"line":58,"column":4}}],"line":52},"3":{"loc":{"start":{"line":52,"column":7},"end":{"line":52,"column":71}},"type":"binary-expr","locations":[{"start":{"line":52,"column":7},"end":{"line":52,"column":25}},{"start":{"line":52,"column":30},"end":{"line":52,"column":48}},{"start":{"line":52,"column":52},"end":{"line":52,"column":70}}],"line":52},"4":{"loc":{"start":{"line":54,"column":10},"end":{"line":58,"column":4}},"type":"if","locations":[{"start":{"line":54,"column":10},"end":{"line":58,"column":4}},{"start":{"line":54,"column":10},"end":{"line":58,"column":4}}],"line":54},"5":{"loc":{"start":{"line":60,"column":8},"end":{"line":72,"column":2}},"type":"if","locations":[{"start":{"line":60,"column":8},"end":{"line":72,"column":2}},{"start":{"line":60,"column":8},"end":{"line":72,"column":2}}],"line":60},"6":{"loc":{"start":{"line":64,"column":3},"end":{"line":66,"column":4}},"type":"if","locations":[{"start":{"line":64,"column":3},"end":{"line":66,"column":4}},{"start":{"line":64,"column":3},"end":{"line":66,"column":4}}],"line":64},"7":{"loc":{"start":{"line":67,"column":3},"end":{"line":69,"column":4}},"type":"if","locations":[{"start":{"line":67,"column":3},"end":{"line":69,"column":4}},{"start":{"line":67,"column":3},"end":{"line":69,"column":4}}],"line":67},"8":{"loc":{"start":{"line":81,"column":4},"end":{"line":85,"column":11}},"type":"cond-expr","locations":[{"start":{"line":82,"column":4},"end":{"line":84,"column":10}},{"start":{"line":85,"column":7},"end":{"line":85,"column":11}}],"line":81},"9":{"loc":{"start":{"line":87,"column":4},"end":{"line":99,"column":5}},"type":"if","locations":[{"start":{"line":87,"column":4},"end":{"line":99,"column":5}},{"start":{"line":87,"column":4},"end":{"line":99,"column":5}}],"line":87},"10":{"loc":{"start":{"line":88,"column":5},"end":{"line":93,"column":41}},"type":"binary-expr","locations":[{"start":{"line":88,"column":5},"end":{"line":90,"column":41}},{"start":{"line":91,"column":5},"end":{"line":93,"column":41}}],"line":88},"11":{"loc":{"start":{"line":101,"column":5},"end":{"line":106,"column":41}},"type":"binary-expr","locations":[{"start":{"line":101,"column":5},"end":{"line":103,"column":41}},{"start":{"line":104,"column":5},"end":{"line":106,"column":41}}],"line":101},"12":{"loc":{"start":{"line":110,"column":5},"end":{"line":126,"column":6}},"type":"if","locations":[{"start":{"line":110,"column":5},"end":{"line":126,"column":6}},{"start":{"line":110,"column":5},"end":{"line":126,"column":6}}],"line":110},"13":{"loc":{"start":{"line":111,"column":6},"end":{"line":116,"column":7}},"type":"if","locations":[{"start":{"line":111,"column":6},"end":{"line":116,"column":7}},{"start":{"line":111,"column":6},"end":{"line":116,"column":7}}],"line":111},"14":{"loc":{"start":{"line":117,"column":12},"end":{"line":126,"column":6}},"type":"if","locations":[{"start":{"line":117,"column":12},"end":{"line":126,"column":6}},{"start":{"line":117,"column":12},"end":{"line":126,"column":6}}],"line":117},"15":{"loc":{"start":{"line":118,"column":6},"end":{"line":123,"column":7}},"type":"if","locations":[{"start":{"line":118,"column":6},"end":{"line":123,"column":7}},{"start":{"line":118,"column":6},"end":{"line":123,"column":7}}],"line":118},"16":{"loc":{"start":{"line":141,"column":5},"end":{"line":149,"column":6}},"type":"if","locations":[{"start":{"line":141,"column":5},"end":{"line":149,"column":6}},{"start":{"line":141,"column":5},"end":{"line":149,"column":6}}],"line":141},"17":{"loc":{"start":{"line":142,"column":6},"end":{"line":146,"column":18}},"type":"binary-expr","locations":[{"start":{"line":142,"column":6},"end":{"line":142,"column":16}},{"start":{"line":143,"column":6},"end":{"line":146,"column":18}}],"line":142},"18":{"loc":{"start":{"line":166,"column":4},"end":{"line":168,"column":11}},"type":"cond-expr","locations":[{"start":{"line":167,"column":4},"end":{"line":167,"column":38}},{"start":{"line":168,"column":7},"end":{"line":168,"column":11}}],"line":166},"19":{"loc":{"start":{"line":166,"column":4},"end":{"line":166,"column":54}},"type":"binary-expr","locations":[{"start":{"line":166,"column":4},"end":{"line":166,"column":19}},{"start":{"line":166,"column":23},"end":{"line":166,"column":54}}],"line":166}},"s":{"0":1,"1":29,"2":29,"3":29,"4":19,"5":0,"6":0,"7":0,"8":0,"9":0,"10":0,"11":0,"12":0,"13":0,"14":0,"15":0,"16":0,"17":0,"18":0,"19":0,"20":0,"21":0,"22":0,"23":29,"24":29,"25":43,"26":16,"27":27,"28":27,"29":0,"30":16,"31":0,"32":0,"33":0,"34":0,"35":16,"36":0,"37":0,"38":0,"39":0,"40":16,"41":16,"42":16,"43":16,"44":16,"45":16,"46":8,"47":16},"f":{"0":29,"1":19,"2":0,"3":0,"4":43,"5":16,"6":16},"b":{"0":[29,0],"1":[0,0],"2":[0,0],"3":[0,0,0],"4":[0,0],"5":[0,0],"6":[0,0],"7":[0,0],"8":[5,24],"9":[16,27],"10":[43,28],"11":[0,0],"12":[0,16],"13":[0,0],"14":[0,16],"15":[0,0],"16":[8,8],"17":[16,8],"18":[13,16],"19":[29,14]},"_coverageSchema":"1a1c01bbd47fc00a2c39e90264f33305004495a9","hash":"69473ddcc8c97214a1e200a0f6e78f367ae145bc"}
,"/home/kunjui/Desktop/Todo/src/components/TopBar.tsx": {"path":"/home/kunjui/Desktop/Todo/src/components/TopBar.tsx","statementMap":{"0":{"start":{"line":14,"column":53},"end":{"line":43,"column":1}},"1":{"start":{"line":22,"column":1},"end":{"line":42,"column":3}},"2":{"start":{"line":29,"column":19},"end":{"line":29,"column":35}},"3":{"start":{"line":36,"column":5},"end":{"line":36,"column":66}}},"fnMap":{"0":{"name":"(anonymous_0)","decl":{"start":{"line":14,"column":53},"end":{"line":14,"column":54}},"loc":{"start":{"line":21,"column":6},"end":{"line":43,"column":1}},"line":21},"1":{"name":"(anonymous_1)","decl":{"start":{"line":29,"column":13},"end":{"line":29,"column":14}},"loc":{"start":{"line":29,"column":19},"end":{"line":29,"column":35}},"line":29},"2":{"name":"(anonymous_2)","decl":{"start":{"line":35,"column":13},"end":{"line":35,"column":14}},"loc":{"start":{"line":36,"column":5},"end":{"line":36,"column":66}},"line":36}},"branchMap":{"0":{"loc":{"start":{"line":23,"column":28},"end":{"line":23,"column":66}},"type":"cond-expr","locations":[{"start":{"line":23,"column":46},"end":{"line":23,"column":55}},{"start":{"line":23,"column":58},"end":{"line":23,"column":66}}],"line":23},"1":{"loc":{"start":{"line":31,"column":5},"end":{"line":31,"column":28}},"type":"cond-expr","locations":[{"start":{"line":31,"column":18},"end":{"line":31,"column":22}},{"start":{"line":31,"column":25},"end":{"line":31,"column":28}}],"line":31}},"s":{"0":1,"1":29,"2":1,"3":0},"f":{"0":29,"1":1,"2":0},"b":{"0":[17,12],"1":[28,1]},"_coverageSchema":"1a1c01bbd47fc00a2c39e90264f33305004495a9","hash":"fa965c520cf49968f0ea99595ba0caf5651ed866"}
,"/home/kunjui/Desktop/Todo/src/components/languages.tsx": {"path":"/home/kunjui/Desktop/Todo/src/components/languages.tsx","statementMap":{"0":{"start":{"line":3,"column":18},"end":{"line":34,"column":1}},"1":{"start":{"line":36,"column":24},"end":{"line":36,"column":57}}},"fnMap":{},"branchMap":{},"s":{"0":1,"1":1},"f":{},"b":{},"_coverageSchema":"1a1c01bbd47fc00a2c39e90264f33305004495a9","hash":"7e27c4787d9b4f3fd7b1110320cf6048775959eb"}
,"/home/kunjui/Desktop/Todo/src/containers/App.tsx": {"path":"/home/kunjui/Desktop/Todo/src/containers/App.tsx","statementMap":{"0":{"start":{"line":31,"column":37},"end":{"line":209,"column":1}},"1":{"start":{"line":32,"column":35},"end":{"line":32,"column":67}},"2":{"start":{"line":34,"column":47},"end":{"line":36,"column":2}},"3":{"start":{"line":38,"column":37},"end":{"line":38,"column":57}},"4":{"start":{"line":40,"column":22},"end":{"line":42,"column":2}},"5":{"start":{"line":41,"column":2},"end":{"line":41,"column":56}},"6":{"start":{"line":44,"column":26},"end":{"line":46,"column":2}},"7":{"start":{"line":45,"column":2},"end":{"line":45,"column":68}},"8":{"start":{"line":48,"column":24},"end":{"line":50,"column":2}},"9":{"start":{"line":49,"column":2},"end":{"line":49,"column":43}},"10":{"start":{"line":52,"column":15},"end":{"line":52,"column":44}},"11":{"start":{"line":54,"column":37},"end":{"line":56,"column":2}},"12":{"start":{"line":60,"column":17},"end":{"line":60,"column":48}},"13":{"start":{"line":62,"column":31},"end":{"line":62,"column":78}},"14":{"start":{"line":64,"column":25},"end":{"line":67,"column":2}},"15":{"start":{"line":65,"column":2},"end":{"line":65,"column":26}},"16":{"start":{"line":66,"column":2},"end":{"line":66,"column":59}},"17":{"start":{"line":69,"column":27},"end":{"line":86,"column":2}},"18":{"start":{"line":70,"column":2},"end":{"line":70,"column":31}},"19":{"start":{"line":71,"column":2},"end":{"line":71,"column":28}},"20":{"start":{"line":72,"column":2},"end":{"line":72,"column":43}},"21":{"start":{"line":73,"column":2},"end":{"line":73,"column":26}},"22":{"start":{"line":74,"column":24},"end":{"line":74,"column":53}},"23":{"start":{"line":75,"column":2},"end":{"line":75,"column":39}},"24":{"start":{"line":76,"column":2},"end":{"line":76,"column":29}},"25":{"start":{"line":77,"column":2},"end":{"line":77,"column":49}},"26":{"start":{"line":78,"column":2},"end":{"line":78,"column":26}},"27":{"start":{"line":79,"column":2},"end":{"line":79,"column":31}},"28":{"start":{"line":80,"column":2},"end":{"line":80,"column":45}},"29":{"start":{"line":81,"column":2},"end":{"line":81,"column":29}},"30":{"start":{"line":82,"column":2},"end":{"line":82,"column":42}},"31":{"start":{"line":83,"column":2},"end":{"line":83,"column":26}},"32":{"start":{"line":84,"column":2},"end":{"line":84,"column":44}},"33":{"start":{"line":85,"column":2},"end":{"line":85,"column":63}},"34":{"start":{"line":88,"column":26},"end":{"line":99,"column":2}},"35":{"start":{"line":89,"column":2},"end":{"line":89,"column":44}},"36":{"start":{"line":90,"column":2},"end":{"line":90,"column":65}},"37":{"start":{"line":90,"column":42},"end":{"line":90,"column":62}},"38":{"start":{"line":91,"column":24},"end":{"line":91,"column":39}},"39":{"start":{"line":92,"column":2},"end":{"line":96,"column":3}},"40":{"start":{"line":93,"column":3},"end":{"line":95,"column":4}},"41":{"start":{"line":94,"column":4},"end":{"line":94,"column":41}},"42":{"start":{"line":97,"column":2},"end":{"line":97,"column":31}},"43":{"start":{"line":98,"column":2},"end":{"line":98,"column":63}},"44":{"start":{"line":101,"column":20},"end":{"line":115,"column":2}},"45":{"start":{"line":102,"column":2},"end":{"line":102,"column":59}},"46":{"start":{"line":103,"column":2},"end":{"line":103,"column":26}},"47":{"start":{"line":104,"column":24},"end":{"line":104,"column":39}},"48":{"start":{"line":105,"column":2},"end":{"line":109,"column":3}},"49":{"start":{"line":105,"column":15},"end":{"line":105,"column":16}},"50":{"start":{"line":106,"column":3},"end":{"line":108,"column":4}},"51":{"start":{"line":107,"column":4},"end":{"line":107,"column":31}},"52":{"start":{"line":110,"column":2},"end":{"line":110,"column":31}},"53":{"start":{"line":111,"column":2},"end":{"line":111,"column":58}},"54":{"start":{"line":112,"column":2},"end":{"line":112,"column":26}},"55":{"start":{"line":113,"column":2},"end":{"line":113,"column":29}},"56":{"start":{"line":114,"column":2},"end":{"line":114,"column":63}},"57":{"start":{"line":117,"column":47},"end":{"line":117,"column":71}},"58":{"start":{"line":119,"column":52},"end":{"line":119,"column":76}},"59":{"start":{"line":121,"column":20},"end":{"line":123,"column":2}},"60":{"start":{"line":122,"column":2},"end":{"line":122,"column":39}},"61":{"start":{"line":125,"column":25},"end":{"line":127,"column":2}},"62":{"start":{"line":126,"column":2},"end":{"line":126,"column":44}},"63":{"start":{"line":129,"column":23},"end":{"line":154,"column":2}},"64":{"start":{"line":130,"column":2},"end":{"line":130,"column":26}},"65":{"start":{"line":131,"column":2},"end":{"line":131,"column":34}},"66":{"start":{"line":138,"column":6},"end":{"line":138,"column":24}},"67":{"start":{"line":139,"column":24},"end":{"line":139,"column":39}},"68":{"start":{"line":140,"column":2},"end":{"line":147,"column":3}},"69":{"start":{"line":141,"column":3},"end":{"line":146,"column":4}},"70":{"start":{"line":142,"column":4},"end":{"line":142,"column":33}},"71":{"start":{"line":143,"column":4},"end":{"line":143,"column":41}},"72":{"start":{"line":144,"column":4},"end":{"line":144,"column":25}},"73":{"start":{"line":145,"column":4},"end":{"line":145,"column":36}},"74":{"start":{"line":148,"column":2},"end":{"line":148,"column":50}},"75":{"start":{"line":149,"column":2},"end":{"line":149,"column":29}},"76":{"start":{"line":150,"column":2},"end":{"line":150,"column":31}},"77":{"start":{"line":151,"column":2},"end":{"line":151,"column":47}},"78":{"start":{"line":152,"column":2},"end":{"line":152,"column":26}},"79":{"start":{"line":153,"column":2},"end":{"line":153,"column":63}},"80":{"start":{"line":156,"column":28},"end":{"line":156,"column":62}},"81":{"start":{"line":158,"column":37},"end":{"line":160,"column":2}},"82":{"start":{"line":162,"column":24},"end":{"line":165,"column":2}},"83":{"start":{"line":163,"column":2},"end":{"line":163,"column":29}},"84":{"start":{"line":164,"column":2},"end":{"line":164,"column":66}},"85":{"start":{"line":167,"column":1},"end":{"line":208,"column":3}}},"fnMap":{"0":{"name":"(anonymous_0)","decl":{"start":{"line":31,"column":37},"end":{"line":31,"column":38}},"loc":{"start":{"line":31,"column":43},"end":{"line":209,"column":1}},"line":31},"1":{"name":"(anonymous_1)","decl":{"start":{"line":40,"column":22},"end":{"line":40,"column":23}},"loc":{"start":{"line":40,"column":70},"end":{"line":42,"column":2}},"line":40},"2":{"name":"(anonymous_2)","decl":{"start":{"line":44,"column":26},"end":{"line":44,"column":27}},"loc":{"start":{"line":44,"column":74},"end":{"line":46,"column":2}},"line":44},"3":{"name":"(anonymous_3)","decl":{"start":{"line":48,"column":24},"end":{"line":48,"column":25}},"loc":{"start":{"line":48,"column":70},"end":{"line":50,"column":2}},"line":48},"4":{"name":"(anonymous_4)","decl":{"start":{"line":64,"column":25},"end":{"line":64,"column":26}},"loc":{"start":{"line":64,"column":31},"end":{"line":67,"column":2}},"line":64},"5":{"name":"(anonymous_5)","decl":{"start":{"line":69,"column":27},"end":{"line":69,"column":28}},"loc":{"start":{"line":69,"column":57},"end":{"line":86,"column":2}},"line":69},"6":{"name":"(anonymous_6)","decl":{"start":{"line":88,"column":26},"end":{"line":88,"column":27}},"loc":{"start":{"line":88,"column":58},"end":{"line":99,"column":2}},"line":88},"7":{"name":"(anonymous_7)","decl":{"start":{"line":90,"column":32},"end":{"line":90,"column":33}},"loc":{"start":{"line":90,"column":42},"end":{"line":90,"column":62}},"line":90},"8":{"name":"(anonymous_8)","decl":{"start":{"line":101,"column":20},"end":{"line":101,"column":21}},"loc":{"start":{"line":101,"column":52},"end":{"line":115,"column":2}},"line":101},"9":{"name":"(anonymous_9)","decl":{"start":{"line":121,"column":20},"end":{"line":121,"column":21}},"loc":{"start":{"line":121,"column":26},"end":{"line":123,"column":2}},"line":121},"10":{"name":"(anonymous_10)","decl":{"start":{"line":125,"column":25},"end":{"line":125,"column":26}},"loc":{"start":{"line":125,"column":31},"end":{"line":127,"column":2}},"line":125},"11":{"name":"(anonymous_11)","decl":{"start":{"line":129,"column":23},"end":{"line":129,"column":24}},"loc":{"start":{"line":129,"column":68},"end":{"line":154,"column":2}},"line":129},"12":{"name":"(anonymous_12)","decl":{"start":{"line":162,"column":24},"end":{"line":162,"column":25}},"loc":{"start":{"line":162,"column":30},"end":{"line":165,"column":2}},"line":162}},"branchMap":{"0":{"loc":{"start":{"line":55,"column":2},"end":{"line":55,"column":32}},"type":"cond-expr","locations":[{"start":{"line":55,"column":10},"end":{"line":55,"column":27}},{"start":{"line":55,"column":30},"end":{"line":55,"column":32}}],"line":55},"1":{"loc":{"start":{"line":62,"column":40},"end":{"line":62,"column":77}},"type":"cond-expr","locations":[{"start":{"line":62,"column":50},"end":{"line":62,"column":73}},{"start":{"line":62,"column":76},"end":{"line":62,"column":77}}],"line":62},"2":{"loc":{"start":{"line":93,"column":3},"end":{"line":95,"column":4}},"type":"if","locations":[{"start":{"line":93,"column":3},"end":{"line":95,"column":4}},{"start":{"line":93,"column":3},"end":{"line":95,"column":4}}],"line":93},"3":{"loc":{"start":{"line":106,"column":3},"end":{"line":108,"column":4}},"type":"if","locations":[{"start":{"line":106,"column":3},"end":{"line":108,"column":4}},{"start":{"line":106,"column":3},"end":{"line":108,"column":4}}],"line":106},"4":{"loc":{"start":{"line":141,"column":3},"end":{"line":146,"column":4}},"type":"if","locations":[{"start":{"line":141,"column":3},"end":{"line":146,"column":4}},{"start":{"line":141,"column":3},"end":{"line":146,"column":4}}],"line":141},"5":{"loc":{"start":{"line":159,"column":2},"end":{"line":159,"column":60}},"type":"cond-expr","locations":[{"start":{"line":159,"column":23},"end":{"line":159,"column":53}},{"start":{"line":159,"column":56},"end":{"line":159,"column":60}}],"line":159},"6":{"loc":{"start":{"line":171,"column":5},"end":{"line":173,"column":20}},"type":"cond-expr","locations":[{"start":{"line":172,"column":8},"end":{"line":172,"column":20}},{"start":{"line":173,"column":8},"end":{"line":173,"column":20}}],"line":171},"7":{"loc":{"start":{"line":171,"column":6},"end":{"line":171,"column":70}},"type":"cond-expr","locations":[{"start":{"line":171,"column":27},"end":{"line":171,"column":57}},{"start":{"line":171,"column":60},"end":{"line":171,"column":70}}],"line":171},"8":{"loc":{"start":{"line":198,"column":5},"end":{"line":205,"column":12}},"type":"cond-expr","locations":[{"start":{"line":199,"column":5},"end":{"line":204,"column":7}},{"start":{"line":205,"column":8},"end":{"line":205,"column":12}}],"line":198}},"s":{"0":1,"1":29,"2":29,"3":29,"4":29,"5":0,"6":29,"7":0,"8":29,"9":14,"10":29,"11":29,"12":29,"13":29,"14":29,"15":3,"16":3,"17":29,"18":3,"19":3,"20":3,"21":3,"22":3,"23":3,"24":3,"25":3,"26":3,"27":3,"28":3,"29":3,"30":3,"31":3,"32":3,"33":3,"34":29,"35":0,"36":0,"37":0,"38":0,"39":0,"40":0,"41":0,"42":0,"43":0,"44":29,"45":1,"46":1,"47":1,"48":1,"49":1,"50":1,"51":1,"52":1,"53":1,"54":1,"55":1,"56":1,"57":29,"58":29,"59":29,"60":2,"61":29,"62":3,"63":29,"64":1,"65":1,"66":1,"67":1,"68":1,"69":1,"70":1,"71":1,"72":1,"73":1,"74":1,"75":1,"76":1,"77":1,"78":1,"79":1,"80":29,"81":29,"82":29,"83":1,"84":1,"85":29},"f":{"0":29,"1":0,"2":0,"3":14,"4":3,"5":3,"6":0,"7":0,"8":1,"9":2,"10":3,"11":1,"12":1},"b":{"0":[26,3],"1":[26,3],"2":[0,0],"3":[1,0],"4":[1,0],"5":[1,28],"6":[28,1],"7":[1,28],"8":[3,26]},"_coverageSchema":"1a1c01bbd47fc00a2c39e90264f33305004495a9","hash":"2b59e023924e857b1ab7f5827f7b176db83afd6f"}
}
