TN:
SF:src/components/AddTodoModal.tsx
FN:22,(anonymous_0)
FN:58,(anonymous_1)
FN:115,(anonymous_2)
FNF:3
FNH:2
FNDA:3,(anonymous_0)
FNDA:3,(anonymous_1)
FNDA:0,(anonymous_2)
DA:22,1
DA:28,3
DA:29,3
DA:30,3
DA:31,3
DA:32,3
DA:34,3
DA:59,3
DA:60,3
DA:63,3
DA:73,3
DA:89,0
DA:91,3
DA:100,3
DA:102,3
DA:103,3
DA:104,3
DA:105,3
DA:107,3
DA:116,0
LF:20
LH:18
BRDA:63,0,0,3
BRDA:63,0,1,0
BRDA:64,1,0,3
BRDA:64,1,1,3
BRDA:64,1,2,3
BRDA:64,1,3,3
BRDA:64,1,4,3
BRDA:64,1,5,3
BRDA:64,1,6,3
BRDA:64,1,7,3
BRDA:91,2,0,3
BRDA:91,2,1,0
BRDA:92,3,0,3
BRDA:92,3,1,3
BRDA:92,3,2,3
BRDA:92,3,3,3
BRDA:92,3,4,3
BRDA:92,3,5,3
BRDA:92,3,6,3
BRDA:104,4,0,3
BRDA:104,4,1,0
BRDA:104,5,0,3
BRDA:104,5,1,3
BRF:23
BRH:20
end_of_record
TN:
SF:src/components/EditTodoForm.tsx
FN:23,(anonymous_0)
FN:77,(anonymous_1)
FN:104,(anonymous_2)
FNF:3
FNH:2
FNDA:1,(anonymous_0)
FNDA:1,(anonymous_1)
FNDA:0,(anonymous_2)
DA:23,1
DA:32,1
DA:33,1
DA:34,1
DA:35,1
DA:36,1
DA:38,1
DA:78,1
DA:88,1
DA:95,1
DA:96,1
DA:105,0
LF:12
LH:11
BRDA:78,0,0,1
BRDA:78,0,1,0
BRDA:79,1,0,1
BRDA:79,1,1,1
BRDA:79,1,2,1
BRDA:79,1,3,1
BRDA:79,1,4,1
BRDA:79,1,5,1
BRDA:79,1,6,1
BRDA:79,1,7,1
BRF:10
BRH:9
end_of_record
TN:
SF:src/components/SearchBar.tsx
FN:9,(anonymous_0)
FNF:1
FNH:1
FNDA:29,(anonymous_0)
DA:9,1
DA:12,29
DA:13,29
LF:3
LH:3
BRF:0
BRH:0
end_of_record
TN:
SF:src/components/ShowAddTodoFormButton.tsx
FN:7,(anonymous_0)
FN:14,(anonymous_1)
FNF:2
FNH:2
FNDA:29,(anonymous_0)
FNDA:3,(anonymous_1)
DA:7,1
DA:10,29
DA:14,3
LF:3
LH:3
BRF:0
BRH:0
end_of_record
TN:
SF:src/components/ShowTopBarButton.tsx
FN:7,(anonymous_0)
FN:11,(anonymous_1)
FNF:2
FNH:2
FNDA:29,(anonymous_0)
FNDA:2,(anonymous_1)
DA:7,1
DA:10,29
DA:11,2
LF:3
LH:3
BRF:0
BRH:0
end_of_record
TN:
SF:src/components/Sort.tsx
FN:10,(anonymous_0)
FNF:1
FNH:1
FNDA:29,(anonymous_0)
DA:10,1
DA:14,29
DA:15,29
LF:3
LH:3
BRF:0
BRH:0
end_of_record
TN:
SF:src/components/Todo.tsx
FN:28,(anonymous_0)
FN:52,(anonymous_1)
FN:81,(anonymous_2)
FN:87,(anonymous_3)
FN:91,(anonymous_4)
FNF:5
FNH:4
FNDA:18,(anonymous_0)
FNDA:1,(anonymous_1)
FNDA:0,(anonymous_2)
FNDA:1,(anonymous_3)
FNDA:1,(anonymous_4)
DA:28,1
DA:41,18
DA:43,18
DA:45,18
DA:47,18
DA:53,1
DA:81,0
DA:87,1
DA:91,1
LF:9
LH:8
BRDA:59,0,0,10
BRDA:59,0,1,8
BRDA:60,1,0,3
BRDA:60,1,1,15
BRDA:63,2,0,3
BRDA:63,2,1,0
BRDA:95,3,0,1
BRDA:95,3,1,17
BRF:8
BRH:7
end_of_record
TN:
SF:src/components/TodosTable.tsx
FN:34,(anonymous_0)
FN:46,(anonymous_1)
FN:49,(anonymous_2)
FN:61,(anonymous_3)
FN:86,(anonymous_4)
FN:109,(anonymous_5)
FN:128,(anonymous_6)
FNF:7
FNH:5
FNDA:29,(anonymous_0)
FNDA:19,(anonymous_1)
FNDA:0,(anonymous_2)
FNDA:0,(anonymous_3)
FNDA:43,(anonymous_4)
FNDA:16,(anonymous_5)
FNDA:16,(anonymous_6)
DA:34,1
DA:43,29
DA:45,29
DA:46,29
DA:47,0
DA:49,0
DA:50,0
DA:51,0
DA:52,0
DA:53,0
DA:54,0
DA:55,0
DA:57,0
DA:60,0
DA:61,0
DA:62,0
DA:63,0
DA:64,0
DA:65,0
DA:67,0
DA:68,0
DA:70,0
DA:74,29
DA:76,29
DA:87,43
DA:95,16
DA:97,27
DA:98,27
DA:100,0
DA:110,16
DA:111,0
DA:112,0
DA:114,0
DA:115,0
DA:117,16
DA:118,0
DA:119,0
DA:121,0
DA:122,0
DA:125,16
DA:129,16
DA:138,16
DA:139,16
DA:140,16
DA:141,16
DA:148,8
DA:150,16
LF:47
LH:20
BRDA:45,0,0,29
BRDA:45,0,1,0
BRDA:47,1,0,0
BRDA:47,1,1,0
BRDA:52,2,0,0
BRDA:52,2,1,0
BRDA:52,3,0,0
BRDA:52,3,1,0
BRDA:52,3,2,0
BRDA:54,4,0,0
BRDA:54,4,1,0
BRDA:60,5,0,0
BRDA:60,5,1,0
BRDA:64,6,0,0
BRDA:64,6,1,0
BRDA:67,7,0,0
BRDA:67,7,1,0
BRDA:81,8,0,5
BRDA:81,8,1,24
BRDA:87,9,0,16
BRDA:87,9,1,27
BRDA:88,10,0,43
BRDA:88,10,1,28
BRDA:101,11,0,0
BRDA:101,11,1,0
BRDA:110,12,0,0
BRDA:110,12,1,16
BRDA:111,13,0,0
BRDA:111,13,1,0
BRDA:117,14,0,0
BRDA:117,14,1,16
BRDA:118,15,0,0
BRDA:118,15,1,0
BRDA:141,16,0,8
BRDA:141,16,1,8
BRDA:142,17,0,16
BRDA:142,17,1,8
BRDA:166,18,0,13
BRDA:166,18,1,16
BRDA:166,19,0,29
BRDA:166,19,1,14
BRF:41
BRH:17
end_of_record
TN:
SF:src/components/TopBar.tsx
FN:14,(anonymous_0)
FN:29,(anonymous_1)
FN:35,(anonymous_2)
FNF:3
FNH:2
FNDA:29,(anonymous_0)
FNDA:1,(anonymous_1)
FNDA:0,(anonymous_2)
DA:14,1
DA:22,29
DA:29,1
DA:36,0
LF:4
LH:3
BRDA:23,0,0,17
BRDA:23,0,1,12
BRDA:31,1,0,28
BRDA:31,1,1,1
BRF:4
BRH:4
end_of_record
TN:
SF:src/components/languages.tsx
FNF:0
FNH:0
DA:3,1
DA:36,1
LF:2
LH:2
BRF:0
BRH:0
end_of_record
TN:
SF:src/containers/App.tsx
FN:31,(anonymous_0)
FN:40,(anonymous_1)
FN:44,(anonymous_2)
FN:48,(anonymous_3)
FN:64,(anonymous_4)
FN:69,(anonymous_5)
FN:88,(anonymous_6)
FN:90,(anonymous_7)
FN:101,(anonymous_8)
FN:121,(anonymous_9)
FN:125,(anonymous_10)
FN:129,(anonymous_11)
FN:162,(anonymous_12)
FNF:13
FNH:9
FNDA:29,(anonymous_0)
FNDA:0,(anonymous_1)
FNDA:0,(anonymous_2)
FNDA:14,(anonymous_3)
FNDA:3,(anonymous_4)
FNDA:3,(anonymous_5)
FNDA:0,(anonymous_6)
FNDA:0,(anonymous_7)
FNDA:1,(anonymous_8)
FNDA:2,(anonymous_9)
FNDA:3,(anonymous_10)
FNDA:1,(anonymous_11)
FNDA:1,(anonymous_12)
DA:31,1
DA:32,29
DA:34,29
DA:38,29
DA:40,29
DA:41,0
DA:44,29
DA:45,0
DA:48,29
DA:49,14
DA:52,29
DA:54,29
DA:60,29
DA:62,29
DA:64,29
DA:65,3
DA:66,3
DA:69,29
DA:70,3
DA:71,3
DA:72,3
DA:73,3
DA:74,3
DA:75,3
DA:76,3
DA:77,3
DA:78,3
DA:79,3
DA:80,3
DA:81,3
DA:82,3
DA:83,3
DA:84,3
DA:85,3
DA:88,29
DA:89,0
DA:90,0
DA:91,0
DA:92,0
DA:93,0
DA:94,0
DA:97,0
DA:98,0
DA:101,29
DA:102,1
DA:103,1
DA:104,1
DA:105,1
DA:106,1
DA:107,1
DA:110,1
DA:111,1
DA:112,1
DA:113,1
DA:114,1
DA:117,29
DA:119,29
DA:121,29
DA:122,2
DA:125,29
DA:126,3
DA:129,29
DA:130,1
DA:131,1
DA:138,1
DA:139,1
DA:140,1
DA:141,1
DA:142,1
DA:143,1
DA:144,1
DA:145,1
DA:148,1
DA:149,1
DA:150,1
DA:151,1
DA:152,1
DA:153,1
DA:156,29
DA:158,29
DA:162,29
DA:163,1
DA:164,1
DA:167,29
LF:84
LH:74
BRDA:55,0,0,26
BRDA:55,0,1,3
BRDA:62,1,0,26
BRDA:62,1,1,3
BRDA:93,2,0,0
BRDA:93,2,1,0
BRDA:106,3,0,1
BRDA:106,3,1,0
BRDA:141,4,0,1
BRDA:141,4,1,0
BRDA:159,5,0,1
BRDA:159,5,1,28
BRDA:171,6,0,28
BRDA:171,6,1,1
BRDA:171,7,0,1
BRDA:171,7,1,28
BRDA:198,8,0,3
BRDA:198,8,1,26
BRF:18
BRH:14
end_of_record
